	inter 使用说明
版本:v1.4
 inter的定义是快速抓包脚本，一个更为直观的ios平台抓包工具
命令工具包，均在控制台中运行，你需要下载终端工具,建议使用
Terminal，也可以开启本机ssh服务，下载ssh应用连接，如果使
用Terminal，那么在root用户下运行，并需要把白色背景换为其他
颜色，终端左侧 (!) 符合,设置如pro主题,默认密码alpine;
数据包均在/var/mobile/pentest/inter/目录下的对应抓包工具中
回车键返回主界面
1.intercepter
  使用该工具抓包，最大范围为三个目标，最小为单目标，该工具
  抓取的数据已日期为名，intercepter/Res目录中存放其他文件，
  如图片，mp3,html,等
2.ettercap
  该工具，1.抓取所有数据包，2.dns欺骗，输入网址后，目标机的
  网页浏览将会被替换
3.ngrep-script
  该工具仅为使用ngrep抓取数据包
4.cupp
  该工具可生成密码词典，用于枚举爆破，如爆破路由器登陆密码
5.pirni
  该工具与2010年开发，作者已经四年没有维护，作用于抓取数据包
  并打印出网址
6.mitm
  该功能未完善，wifikill断开网络连接，dnsspoof用于dns欺骗
7.medusa
  爆破工具
8.scan 
  快速扫描和刷新 端口/IP
9.修复工具错误

10.hydra
  爆破工具（速度快）

常见问题
  1
  运行后手机发热 -这是由于inter进程没有退出，如果你在运行
  inter中，直接关闭终端，inter还会在后台运行，关闭使用 top -u
  查看后台进程，kill -9 PID(inter的进程号)，这样可以结束inter
  推荐使用重新启动inter，输入0退出，那么上次遗留进程也被
  关闭，如果需要紧急停止，使用ctrl + c
  2
  如果某个工具包无法使用，启动inter输入9，修复工具。。
  群文件里面到inter为集成版，使用ifile安装即可,如果你运行
  ipwn出现无法启动;那么在安装inter情况下，断开wifi，运行
  inter,将会提示一个错误信息并可输入ipwn修复，
  3
  爆破工具所使用的密码库均在inter/medusa目录下，cupp生成的
  密码词典，在cupp目录
  4
  metasploit 生成的后门，免杀能力不行，不要抱太大希望
  
  
  
  